{"D:\\Fase02\\individual-project\\IP-HCK88-fawwazer\\backend\\app.js": {"path":"D:\\Fase02\\individual-project\\IP-HCK88-fawwazer\\backend\\app.js","statementMap":{"0":{"start":{"line":2,"column":0},"end":{"line":4,"column":1}},"1":{"start":{"line":3,"column":2},"end":{"line":3,"column":29}},"2":{"start":{"line":6,"column":16},"end":{"line":6,"column":34}},"3":{"start":{"line":7,"column":13},"end":{"line":7,"column":28}},"4":{"start":{"line":8,"column":13},"end":{"line":8,"column":41}},"5":{"start":{"line":10,"column":21},"end":{"line":10,"column":58}},"6":{"start":{"line":11,"column":23},"end":{"line":11,"column":62}},"7":{"start":{"line":12,"column":23},"end":{"line":12,"column":62}},"8":{"start":{"line":13,"column":18},"end":{"line":13,"column":52}},"9":{"start":{"line":14,"column":12},"end":{"line":14,"column":21}},"10":{"start":{"line":16,"column":0},"end":{"line":16,"column":77}},"11":{"start":{"line":16,"column":43},"end":{"line":16,"column":77}},"12":{"start":{"line":18,"column":0},"end":{"line":18,"column":49}},"13":{"start":{"line":19,"column":0},"end":{"line":19,"column":24}},"14":{"start":{"line":20,"column":0},"end":{"line":20,"column":16}},"15":{"start":{"line":23,"column":0},"end":{"line":23,"column":52}},"16":{"start":{"line":23,"column":27},"end":{"line":23,"column":50}},"17":{"start":{"line":24,"column":0},"end":{"line":24,"column":47}},"18":{"start":{"line":25,"column":0},"end":{"line":25,"column":41}},"19":{"start":{"line":26,"column":0},"end":{"line":26,"column":54}},"20":{"start":{"line":28,"column":0},"end":{"line":28,"column":46}},"21":{"start":{"line":29,"column":0},"end":{"line":29,"column":46}},"22":{"start":{"line":30,"column":0},"end":{"line":30,"column":73}},"23":{"start":{"line":32,"column":0},"end":{"line":35,"column":2}},"24":{"start":{"line":36,"column":0},"end":{"line":36,"column":14}},"25":{"start":{"line":37,"column":0},"end":{"line":37,"column":73}},"26":{"start":{"line":38,"column":0},"end":{"line":38,"column":74}},"27":{"start":{"line":39,"column":0},"end":{"line":43,"column":2}},"28":{"start":{"line":46,"column":0},"end":{"line":46,"column":22}},"29":{"start":{"line":48,"column":0},"end":{"line":48,"column":21}}},"fnMap":{"0":{"name":"(anonymous_0)","decl":{"start":{"line":23,"column":13},"end":{"line":23,"column":14}},"loc":{"start":{"line":23,"column":27},"end":{"line":23,"column":50}},"line":23}},"branchMap":{"0":{"loc":{"start":{"line":2,"column":0},"end":{"line":4,"column":1}},"type":"if","locations":[{"start":{"line":2,"column":0},"end":{"line":4,"column":1}},{"start":{},"end":{}}],"line":2},"1":{"loc":{"start":{"line":16,"column":0},"end":{"line":16,"column":77}},"type":"if","locations":[{"start":{"line":16,"column":0},"end":{"line":16,"column":77}},{"start":{},"end":{}}],"line":16}},"s":{"0":1,"1":1,"2":1,"3":1,"4":1,"5":1,"6":1,"7":1,"8":1,"9":1,"10":1,"11":1,"12":1,"13":1,"14":1,"15":1,"16":0,"17":1,"18":1,"19":1,"20":1,"21":1,"22":1,"23":1,"24":1,"25":1,"26":1,"27":1,"28":1,"29":1},"f":{"0":0},"b":{"0":[1,0],"1":[1,0]},"_coverageSchema":"1a1c01bbd47fc00a2c39e90264f33305004495a9","hash":"0b839edfe0bff11632e93e1dda117f3c5602203f"}
,"D:\\Fase02\\individual-project\\IP-HCK88-fawwazer\\backend\\controllers\\gameController.js": {"path":"D:\\Fase02\\individual-project\\IP-HCK88-fawwazer\\backend\\controllers\\gameController.js","statementMap":{"0":{"start":{"line":2,"column":14},"end":{"line":2,"column":30}},"1":{"start":{"line":3,"column":24},"end":{"line":3,"column":48}},"2":{"start":{"line":4,"column":45},"end":{"line":4,"column":65}},"3":{"start":{"line":8,"column":4},"end":{"line":24,"column":5}},"4":{"start":{"line":10,"column":19},"end":{"line":10,"column":38}},"5":{"start":{"line":11,"column":21},"end":{"line":11,"column":45}},"6":{"start":{"line":12,"column":23},"end":{"line":18,"column":8}},"7":{"start":{"line":19,"column":6},"end":{"line":19,"column":42}},"8":{"start":{"line":21,"column":6},"end":{"line":21,"column":25}},"9":{"start":{"line":23,"column":6},"end":{"line":23,"column":18}},"10":{"start":{"line":28,"column":4},"end":{"line":33,"column":5}},"11":{"start":{"line":29,"column":21},"end":{"line":29,"column":42}},"12":{"start":{"line":30,"column":6},"end":{"line":30,"column":35}},"13":{"start":{"line":32,"column":6},"end":{"line":32,"column":18}},"14":{"start":{"line":37,"column":4},"end":{"line":49,"column":5}},"15":{"start":{"line":38,"column":22},"end":{"line":38,"column":40}},"16":{"start":{"line":39,"column":20},"end":{"line":39,"column":49}},"17":{"start":{"line":40,"column":6},"end":{"line":42,"column":7}},"18":{"start":{"line":41,"column":8},"end":{"line":41,"column":66}},"19":{"start":{"line":43,"column":23},"end":{"line":45,"column":7}},"20":{"start":{"line":46,"column":6},"end":{"line":46,"column":42}},"21":{"start":{"line":48,"column":6},"end":{"line":48,"column":18}},"22":{"start":{"line":54,"column":4},"end":{"line":159,"column":5}},"23":{"start":{"line":56,"column":22},"end":{"line":56,"column":60}},"24":{"start":{"line":57,"column":6},"end":{"line":59,"column":7}},"25":{"start":{"line":58,"column":8},"end":{"line":58,"column":70}},"26":{"start":{"line":61,"column":20},"end":{"line":61,"column":49}},"27":{"start":{"line":62,"column":6},"end":{"line":62,"column":76}},"28":{"start":{"line":62,"column":18},"end":{"line":62,"column":76}},"29":{"start":{"line":64,"column":22},"end":{"line":64,"column":46}},"30":{"start":{"line":65,"column":6},"end":{"line":66,"column":78}},"31":{"start":{"line":66,"column":8},"end":{"line":66,"column":78}},"32":{"start":{"line":69,"column":23},"end":{"line":76,"column":8}},"33":{"start":{"line":78,"column":24},"end":{"line":78,"column":70}},"34":{"start":{"line":81,"column":24},"end":{"line":81,"column":50}},"35":{"start":{"line":82,"column":6},"end":{"line":87,"column":7}},"36":{"start":{"line":83,"column":8},"end":{"line":86,"column":11}},"37":{"start":{"line":90,"column":23},"end":{"line":98,"column":19}},"38":{"start":{"line":94,"column":12},"end":{"line":96,"column":44}},"39":{"start":{"line":100,"column":26},"end":{"line":102,"column":12}},"40":{"start":{"line":104,"column":21},"end":{"line":106,"column":237}},"41":{"start":{"line":109,"column":17},"end":{"line":109,"column":55}},"42":{"start":{"line":110,"column":24},"end":{"line":110,"column":28}},"43":{"start":{"line":111,"column":6},"end":{"line":126,"column":7}},"44":{"start":{"line":112,"column":24},"end":{"line":115,"column":10}},"45":{"start":{"line":116,"column":8},"end":{"line":119,"column":38}},"46":{"start":{"line":121,"column":8},"end":{"line":124,"column":10}},"47":{"start":{"line":125,"column":8},"end":{"line":125,"column":67}},"48":{"start":{"line":129,"column":28},"end":{"line":129,"column":32}},"49":{"start":{"line":130,"column":6},"end":{"line":141,"column":7}},"50":{"start":{"line":131,"column":8},"end":{"line":131,"column":50}},"51":{"start":{"line":133,"column":18},"end":{"line":133,"column":75}},"52":{"start":{"line":134,"column":8},"end":{"line":140,"column":9}},"53":{"start":{"line":135,"column":10},"end":{"line":139,"column":11}},"54":{"start":{"line":136,"column":12},"end":{"line":136,"column":47}},"55":{"start":{"line":143,"column":6},"end":{"line":148,"column":7}},"56":{"start":{"line":145,"column":8},"end":{"line":147,"column":66}},"57":{"start":{"line":151,"column":18},"end":{"line":155,"column":9}},"58":{"start":{"line":151,"column":46},"end":{"line":155,"column":7}},"59":{"start":{"line":156,"column":6},"end":{"line":156,"column":60}},"60":{"start":{"line":158,"column":6},"end":{"line":158,"column":18}},"61":{"start":{"line":164,"column":4},"end":{"line":253,"column":5}},"62":{"start":{"line":166,"column":58},"end":{"line":166,"column":72}},"63":{"start":{"line":168,"column":21},"end":{"line":168,"column":62}},"64":{"start":{"line":169,"column":6},"end":{"line":172,"column":77}},"65":{"start":{"line":170,"column":8},"end":{"line":172,"column":77}},"66":{"start":{"line":175,"column":19},"end":{"line":175,"column":46}},"67":{"start":{"line":176,"column":6},"end":{"line":176,"column":74}},"68":{"start":{"line":176,"column":17},"end":{"line":176,"column":74}},"69":{"start":{"line":179,"column":19},"end":{"line":179,"column":23}},"70":{"start":{"line":181,"column":6},"end":{"line":231,"column":7}},"71":{"start":{"line":182,"column":8},"end":{"line":182,"column":46}},"72":{"start":{"line":183,"column":8},"end":{"line":183,"column":78}},"73":{"start":{"line":183,"column":21},"end":{"line":183,"column":78}},"74":{"start":{"line":186,"column":24},"end":{"line":186,"column":48}},"75":{"start":{"line":187,"column":8},"end":{"line":188,"column":80}},"76":{"start":{"line":188,"column":10},"end":{"line":188,"column":80}},"77":{"start":{"line":192,"column":8},"end":{"line":203,"column":9}},"78":{"start":{"line":193,"column":10},"end":{"line":198,"column":12}},"79":{"start":{"line":200,"column":10},"end":{"line":202,"column":63}},"80":{"start":{"line":205,"column":18},"end":{"line":205,"column":66}},"81":{"start":{"line":206,"column":8},"end":{"line":209,"column":71}},"82":{"start":{"line":207,"column":10},"end":{"line":209,"column":71}},"83":{"start":{"line":212,"column":24},"end":{"line":217,"column":9}},"84":{"start":{"line":220,"column":8},"end":{"line":220,"column":77}},"85":{"start":{"line":221,"column":8},"end":{"line":230,"column":9}},"86":{"start":{"line":222,"column":10},"end":{"line":222,"column":46}},"87":{"start":{"line":226,"column":12},"end":{"line":228,"column":20}},"88":{"start":{"line":229,"column":10},"end":{"line":229,"column":60}},"89":{"start":{"line":229,"column":27},"end":{"line":229,"column":60}},"90":{"start":{"line":234,"column":18},"end":{"line":237,"column":8}},"91":{"start":{"line":239,"column":6},"end":{"line":250,"column":9}},"92":{"start":{"line":252,"column":6},"end":{"line":252,"column":16}},"93":{"start":{"line":258,"column":4},"end":{"line":289,"column":5}},"94":{"start":{"line":260,"column":8},"end":{"line":260,"column":75}},"95":{"start":{"line":261,"column":6},"end":{"line":261,"column":78}},"96":{"start":{"line":261,"column":19},"end":{"line":261,"column":78}},"97":{"start":{"line":262,"column":19},"end":{"line":265,"column":8}},"98":{"start":{"line":266,"column":18},"end":{"line":285,"column":9}},"99":{"start":{"line":266,"column":43},"end":{"line":285,"column":7}},"100":{"start":{"line":286,"column":6},"end":{"line":286,"column":39}},"101":{"start":{"line":288,"column":6},"end":{"line":288,"column":16}},"102":{"start":{"line":294,"column":4},"end":{"line":315,"column":5}},"103":{"start":{"line":295,"column":26},"end":{"line":295,"column":43}},"104":{"start":{"line":298,"column":8},"end":{"line":298,"column":74}},"105":{"start":{"line":299,"column":6},"end":{"line":299,"column":78}},"106":{"start":{"line":299,"column":19},"end":{"line":299,"column":78}},"107":{"start":{"line":300,"column":6},"end":{"line":301,"column":73}},"108":{"start":{"line":301,"column":8},"end":{"line":301,"column":73}},"109":{"start":{"line":304,"column":18},"end":{"line":306,"column":8}},"110":{"start":{"line":307,"column":6},"end":{"line":307,"column":78}},"111":{"start":{"line":307,"column":16},"end":{"line":307,"column":78}},"112":{"start":{"line":309,"column":6},"end":{"line":309,"column":26}},"113":{"start":{"line":310,"column":6},"end":{"line":312,"column":74}},"114":{"start":{"line":314,"column":6},"end":{"line":314,"column":16}},"115":{"start":{"line":319,"column":0},"end":{"line":319,"column":32}}},"fnMap":{"0":{"name":"(anonymous_0)","decl":{"start":{"line":7,"column":2},"end":{"line":7,"column":3}},"loc":{"start":{"line":7,"column":43},"end":{"line":25,"column":3}},"line":7},"1":{"name":"(anonymous_1)","decl":{"start":{"line":27,"column":2},"end":{"line":27,"column":3}},"loc":{"start":{"line":27,"column":42},"end":{"line":34,"column":3}},"line":27},"2":{"name":"(anonymous_2)","decl":{"start":{"line":36,"column":2},"end":{"line":36,"column":3}},"loc":{"start":{"line":36,"column":54},"end":{"line":50,"column":3}},"line":36},"3":{"name":"(anonymous_3)","decl":{"start":{"line":53,"column":2},"end":{"line":53,"column":3}},"loc":{"start":{"line":53,"column":54},"end":{"line":160,"column":3}},"line":53},"4":{"name":"(anonymous_4)","decl":{"start":{"line":93,"column":10},"end":{"line":93,"column":11}},"loc":{"start":{"line":94,"column":12},"end":{"line":96,"column":44}},"line":94},"5":{"name":"(anonymous_5)","decl":{"start":{"line":151,"column":38},"end":{"line":151,"column":39}},"loc":{"start":{"line":151,"column":46},"end":{"line":155,"column":7}},"line":151},"6":{"name":"(anonymous_6)","decl":{"start":{"line":163,"column":2},"end":{"line":163,"column":3}},"loc":{"start":{"line":163,"column":48},"end":{"line":254,"column":3}},"line":163},"7":{"name":"(anonymous_7)","decl":{"start":{"line":257,"column":2},"end":{"line":257,"column":3}},"loc":{"start":{"line":257,"column":50},"end":{"line":290,"column":3}},"line":257},"8":{"name":"(anonymous_8)","decl":{"start":{"line":266,"column":35},"end":{"line":266,"column":36}},"loc":{"start":{"line":266,"column":43},"end":{"line":285,"column":7}},"line":266},"9":{"name":"(anonymous_9)","decl":{"start":{"line":293,"column":2},"end":{"line":293,"column":3}},"loc":{"start":{"line":293,"column":51},"end":{"line":316,"column":3}},"line":293}},"branchMap":{"0":{"loc":{"start":{"line":10,"column":19},"end":{"line":10,"column":38}},"type":"binary-expr","locations":[{"start":{"line":10,"column":19},"end":{"line":10,"column":33}},{"start":{"line":10,"column":37},"end":{"line":10,"column":38}}],"line":10},"1":{"loc":{"start":{"line":11,"column":21},"end":{"line":11,"column":45}},"type":"binary-expr","locations":[{"start":{"line":11,"column":21},"end":{"line":11,"column":37}},{"start":{"line":11,"column":41},"end":{"line":11,"column":45}}],"line":11},"2":{"loc":{"start":{"line":40,"column":6},"end":{"line":42,"column":7}},"type":"if","locations":[{"start":{"line":40,"column":6},"end":{"line":42,"column":7}},{"start":{},"end":{}}],"line":40},"3":{"loc":{"start":{"line":56,"column":22},"end":{"line":56,"column":60}},"type":"binary-expr","locations":[{"start":{"line":56,"column":22},"end":{"line":56,"column":40}},{"start":{"line":56,"column":44},"end":{"line":56,"column":60}}],"line":56},"4":{"loc":{"start":{"line":57,"column":6},"end":{"line":59,"column":7}},"type":"if","locations":[{"start":{"line":57,"column":6},"end":{"line":59,"column":7}},{"start":{},"end":{}}],"line":57},"5":{"loc":{"start":{"line":62,"column":6},"end":{"line":62,"column":76}},"type":"if","locations":[{"start":{"line":62,"column":6},"end":{"line":62,"column":76}},{"start":{},"end":{}}],"line":62},"6":{"loc":{"start":{"line":65,"column":6},"end":{"line":66,"column":78}},"type":"if","locations":[{"start":{"line":65,"column":6},"end":{"line":66,"column":78}},{"start":{},"end":{}}],"line":65},"7":{"loc":{"start":{"line":78,"column":24},"end":{"line":78,"column":70}},"type":"binary-expr","locations":[{"start":{"line":78,"column":25},"end":{"line":78,"column":38}},{"start":{"line":78,"column":42},"end":{"line":78,"column":63}},{"start":{"line":78,"column":68},"end":{"line":78,"column":70}}],"line":78},"8":{"loc":{"start":{"line":82,"column":6},"end":{"line":87,"column":7}},"type":"if","locations":[{"start":{"line":82,"column":6},"end":{"line":87,"column":7}},{"start":{},"end":{}}],"line":82},"9":{"loc":{"start":{"line":95,"column":14},"end":{"line":95,"column":33}},"type":"binary-expr","locations":[{"start":{"line":95,"column":14},"end":{"line":95,"column":24}},{"start":{"line":95,"column":28},"end":{"line":95,"column":33}}],"line":95},"10":{"loc":{"start":{"line":96,"column":24},"end":{"line":96,"column":41}},"type":"binary-expr","locations":[{"start":{"line":96,"column":24},"end":{"line":96,"column":32}},{"start":{"line":96,"column":36},"end":{"line":96,"column":41}}],"line":96},"11":{"loc":{"start":{"line":100,"column":26},"end":{"line":102,"column":12}},"type":"cond-expr","locations":[{"start":{"line":101,"column":10},"end":{"line":101,"column":53}},{"start":{"line":102,"column":10},"end":{"line":102,"column":12}}],"line":100},"12":{"loc":{"start":{"line":105,"column":8},"end":{"line":105,"column":25}},"type":"binary-expr","locations":[{"start":{"line":105,"column":8},"end":{"line":105,"column":20}},{"start":{"line":105,"column":24},"end":{"line":105,"column":25}}],"line":105},"13":{"loc":{"start":{"line":117,"column":10},"end":{"line":119,"column":37}},"type":"cond-expr","locations":[{"start":{"line":118,"column":14},"end":{"line":118,"column":48}},{"start":{"line":119,"column":14},"end":{"line":119,"column":37}}],"line":117},"14":{"loc":{"start":{"line":117,"column":10},"end":{"line":117,"column":57}},"type":"binary-expr","locations":[{"start":{"line":117,"column":10},"end":{"line":117,"column":17}},{"start":{"line":117,"column":22},"end":{"line":117,"column":34}},{"start":{"line":117,"column":38},"end":{"line":117,"column":56}}],"line":117},"15":{"loc":{"start":{"line":118,"column":14},"end":{"line":118,"column":48}},"type":"binary-expr","locations":[{"start":{"line":118,"column":14},"end":{"line":118,"column":26}},{"start":{"line":118,"column":30},"end":{"line":118,"column":48}}],"line":118},"16":{"loc":{"start":{"line":123,"column":10},"end":{"line":123,"column":48}},"type":"cond-expr","locations":[{"start":{"line":123,"column":31},"end":{"line":123,"column":42}},{"start":{"line":123,"column":45},"end":{"line":123,"column":48}}],"line":123},"17":{"loc":{"start":{"line":123,"column":10},"end":{"line":123,"column":28}},"type":"binary-expr","locations":[{"start":{"line":123,"column":10},"end":{"line":123,"column":13}},{"start":{"line":123,"column":17},"end":{"line":123,"column":28}}],"line":123},"18":{"loc":{"start":{"line":133,"column":18},"end":{"line":133,"column":75}},"type":"binary-expr","locations":[{"start":{"line":133,"column":18},"end":{"line":133,"column":29}},{"start":{"line":133,"column":33},"end":{"line":133,"column":75}}],"line":133},"19":{"loc":{"start":{"line":134,"column":8},"end":{"line":140,"column":9}},"type":"if","locations":[{"start":{"line":134,"column":8},"end":{"line":140,"column":9}},{"start":{},"end":{}}],"line":134},"20":{"loc":{"start":{"line":143,"column":6},"end":{"line":148,"column":7}},"type":"if","locations":[{"start":{"line":143,"column":6},"end":{"line":148,"column":7}},{"start":{},"end":{}}],"line":143},"21":{"loc":{"start":{"line":153,"column":17},"end":{"line":153,"column":42}},"type":"binary-expr","locations":[{"start":{"line":153,"column":17},"end":{"line":153,"column":34}},{"start":{"line":153,"column":38},"end":{"line":153,"column":42}}],"line":153},"22":{"loc":{"start":{"line":154,"column":16},"end":{"line":154,"column":32}},"type":"binary-expr","locations":[{"start":{"line":154,"column":16},"end":{"line":154,"column":24}},{"start":{"line":154,"column":28},"end":{"line":154,"column":32}}],"line":154},"23":{"loc":{"start":{"line":166,"column":58},"end":{"line":166,"column":72}},"type":"binary-expr","locations":[{"start":{"line":166,"column":58},"end":{"line":166,"column":66}},{"start":{"line":166,"column":70},"end":{"line":166,"column":72}}],"line":166},"24":{"loc":{"start":{"line":168,"column":21},"end":{"line":168,"column":62}},"type":"binary-expr","locations":[{"start":{"line":168,"column":22},"end":{"line":168,"column":30}},{"start":{"line":168,"column":34},"end":{"line":168,"column":45}},{"start":{"line":168,"column":50},"end":{"line":168,"column":62}}],"line":168},"25":{"loc":{"start":{"line":169,"column":6},"end":{"line":172,"column":77}},"type":"if","locations":[{"start":{"line":169,"column":6},"end":{"line":172,"column":77}},{"start":{},"end":{}}],"line":169},"26":{"loc":{"start":{"line":169,"column":10},"end":{"line":169,"column":43}},"type":"binary-expr","locations":[{"start":{"line":169,"column":10},"end":{"line":169,"column":17}},{"start":{"line":169,"column":22},"end":{"line":169,"column":30}},{"start":{"line":169,"column":34},"end":{"line":169,"column":42}}],"line":169},"27":{"loc":{"start":{"line":176,"column":6},"end":{"line":176,"column":74}},"type":"if","locations":[{"start":{"line":176,"column":6},"end":{"line":176,"column":74}},{"start":{},"end":{}}],"line":176},"28":{"loc":{"start":{"line":181,"column":6},"end":{"line":231,"column":7}},"type":"if","locations":[{"start":{"line":181,"column":6},"end":{"line":231,"column":7}},{"start":{"line":184,"column":13},"end":{"line":231,"column":7}}],"line":181},"29":{"loc":{"start":{"line":183,"column":8},"end":{"line":183,"column":78}},"type":"if","locations":[{"start":{"line":183,"column":8},"end":{"line":183,"column":78}},{"start":{},"end":{}}],"line":183},"30":{"loc":{"start":{"line":187,"column":8},"end":{"line":188,"column":80}},"type":"if","locations":[{"start":{"line":187,"column":8},"end":{"line":188,"column":80}},{"start":{},"end":{}}],"line":187},"31":{"loc":{"start":{"line":205,"column":18},"end":{"line":205,"column":66}},"type":"cond-expr","locations":[{"start":{"line":205,"column":46},"end":{"line":205,"column":59}},{"start":{"line":205,"column":62},"end":{"line":205,"column":66}}],"line":205},"32":{"loc":{"start":{"line":205,"column":18},"end":{"line":205,"column":43}},"type":"binary-expr","locations":[{"start":{"line":205,"column":18},"end":{"line":205,"column":26}},{"start":{"line":205,"column":30},"end":{"line":205,"column":43}}],"line":205},"33":{"loc":{"start":{"line":206,"column":8},"end":{"line":209,"column":71}},"type":"if","locations":[{"start":{"line":206,"column":8},"end":{"line":209,"column":71}},{"start":{},"end":{}}],"line":206},"34":{"loc":{"start":{"line":213,"column":19},"end":{"line":213,"column":39}},"type":"binary-expr","locations":[{"start":{"line":213,"column":19},"end":{"line":213,"column":31}},{"start":{"line":213,"column":35},"end":{"line":213,"column":39}}],"line":213},"35":{"loc":{"start":{"line":214,"column":16},"end":{"line":214,"column":28}},"type":"binary-expr","locations":[{"start":{"line":214,"column":16},"end":{"line":214,"column":22}},{"start":{"line":214,"column":26},"end":{"line":214,"column":28}}],"line":214},"36":{"loc":{"start":{"line":215,"column":20},"end":{"line":215,"column":79}},"type":"binary-expr","locations":[{"start":{"line":215,"column":20},"end":{"line":215,"column":38}},{"start":{"line":215,"column":42},"end":{"line":215,"column":71}},{"start":{"line":215,"column":75},"end":{"line":215,"column":79}}],"line":215},"37":{"loc":{"start":{"line":216,"column":20},"end":{"line":216,"column":38}},"type":"binary-expr","locations":[{"start":{"line":216,"column":20},"end":{"line":216,"column":30}},{"start":{"line":216,"column":34},"end":{"line":216,"column":38}}],"line":216},"38":{"loc":{"start":{"line":221,"column":8},"end":{"line":230,"column":9}},"type":"if","locations":[{"start":{"line":221,"column":8},"end":{"line":230,"column":9}},{"start":{"line":223,"column":15},"end":{"line":230,"column":9}}],"line":221},"39":{"loc":{"start":{"line":226,"column":12},"end":{"line":228,"column":20}},"type":"cond-expr","locations":[{"start":{"line":227,"column":16},"end":{"line":227,"column":46}},{"start":{"line":228,"column":16},"end":{"line":228,"column":20}}],"line":226},"40":{"loc":{"start":{"line":226,"column":12},"end":{"line":226,"column":48}},"type":"binary-expr","locations":[{"start":{"line":226,"column":12},"end":{"line":226,"column":28}},{"start":{"line":226,"column":32},"end":{"line":226,"column":48}}],"line":226},"41":{"loc":{"start":{"line":229,"column":10},"end":{"line":229,"column":60}},"type":"if","locations":[{"start":{"line":229,"column":10},"end":{"line":229,"column":60}},{"start":{},"end":{}}],"line":229},"42":{"loc":{"start":{"line":260,"column":8},"end":{"line":260,"column":75}},"type":"binary-expr","locations":[{"start":{"line":260,"column":9},"end":{"line":260,"column":17}},{"start":{"line":260,"column":21},"end":{"line":260,"column":32}},{"start":{"line":260,"column":37},"end":{"line":260,"column":54}},{"start":{"line":260,"column":58},"end":{"line":260,"column":75}}],"line":260},"43":{"loc":{"start":{"line":261,"column":6},"end":{"line":261,"column":78}},"type":"if","locations":[{"start":{"line":261,"column":6},"end":{"line":261,"column":78}},{"start":{},"end":{}}],"line":261},"44":{"loc":{"start":{"line":266,"column":19},"end":{"line":266,"column":29}},"type":"binary-expr","locations":[{"start":{"line":266,"column":19},"end":{"line":266,"column":23}},{"start":{"line":266,"column":27},"end":{"line":266,"column":29}}],"line":266},"45":{"loc":{"start":{"line":270,"column":14},"end":{"line":284,"column":16}},"type":"cond-expr","locations":[{"start":{"line":271,"column":12},"end":{"line":283,"column":13}},{"start":{"line":284,"column":12},"end":{"line":284,"column":16}}],"line":270},"46":{"loc":{"start":{"line":278,"column":16},"end":{"line":281,"column":20}},"type":"binary-expr","locations":[{"start":{"line":278,"column":16},"end":{"line":278,"column":31}},{"start":{"line":279,"column":16},"end":{"line":279,"column":39}},{"start":{"line":280,"column":16},"end":{"line":280,"column":32}},{"start":{"line":281,"column":16},"end":{"line":281,"column":20}}],"line":278},"47":{"loc":{"start":{"line":298,"column":8},"end":{"line":298,"column":74}},"type":"binary-expr","locations":[{"start":{"line":298,"column":9},"end":{"line":298,"column":17}},{"start":{"line":298,"column":21},"end":{"line":298,"column":32}},{"start":{"line":298,"column":37},"end":{"line":298,"column":53}},{"start":{"line":298,"column":57},"end":{"line":298,"column":74}}],"line":298},"48":{"loc":{"start":{"line":299,"column":6},"end":{"line":299,"column":78}},"type":"if","locations":[{"start":{"line":299,"column":6},"end":{"line":299,"column":78}},{"start":{},"end":{}}],"line":299},"49":{"loc":{"start":{"line":300,"column":6},"end":{"line":301,"column":73}},"type":"if","locations":[{"start":{"line":300,"column":6},"end":{"line":301,"column":73}},{"start":{},"end":{}}],"line":300},"50":{"loc":{"start":{"line":307,"column":6},"end":{"line":307,"column":78}},"type":"if","locations":[{"start":{"line":307,"column":6},"end":{"line":307,"column":78}},{"start":{},"end":{}}],"line":307}},"s":{"0":2,"1":2,"2":2,"3":4,"4":4,"5":4,"6":4,"7":3,"8":1,"9":1,"10":3,"11":3,"12":2,"13":1,"14":3,"15":3,"16":3,"17":3,"18":1,"19":2,"20":2,"21":0,"22":7,"23":7,"24":7,"25":0,"26":7,"27":7,"28":1,"29":6,"30":6,"31":0,"32":6,"33":6,"34":6,"35":6,"36":2,"37":4,"38":4,"39":4,"40":4,"41":4,"42":4,"43":4,"44":4,"45":3,"46":1,"47":1,"48":3,"49":3,"50":3,"51":2,"52":2,"53":1,"54":1,"55":3,"56":1,"57":2,"58":2,"59":2,"60":0,"61":9,"62":9,"63":9,"64":9,"65":2,"66":7,"67":7,"68":1,"69":6,"70":6,"71":2,"72":2,"73":1,"74":4,"75":4,"76":0,"77":4,"78":4,"79":1,"80":3,"81":3,"82":0,"83":3,"84":3,"85":3,"86":2,"87":1,"88":1,"89":1,"90":4,"91":4,"92":0,"93":4,"94":4,"95":4,"96":1,"97":3,"98":3,"99":3,"100":3,"101":0,"102":4,"103":4,"104":4,"105":4,"106":1,"107":3,"108":0,"109":3,"110":3,"111":1,"112":2,"113":2,"114":0,"115":2},"f":{"0":4,"1":3,"2":3,"3":7,"4":4,"5":2,"6":9,"7":4,"8":3,"9":4},"b":{"0":[4,3],"1":[4,3],"2":[1,2],"3":[7,0],"4":[0,7],"5":[1,6],"6":[0,6],"7":[6,6,0],"8":[2,4],"9":[4,3],"10":[4,2],"11":[1,3],"12":[4,3],"13":[3,0],"14":[3,3,0],"15":[3,0],"16":[1,0],"17":[1,1],"18":[2,2],"19":[1,1],"20":[1,2],"21":[2,0],"22":[2,0],"23":[9,0],"24":[9,1,8],"25":[2,7],"26":[9,8,5],"27":[1,6],"28":[2,4],"29":[1,1],"30":[0,4],"31":[3,0],"32":[3,3],"33":[0,3],"34":[3,0],"35":[3,0],"36":[3,0,0],"37":[3,0],"38":[2,1],"39":[1,0],"40":[1,1],"41":[1,0],"42":[4,1,3,1],"43":[1,3],"44":[3,0],"45":[3,0],"46":[3,2,0,0],"47":[4,1,3,3],"48":[1,3],"49":[0,3],"50":[1,2]},"_coverageSchema":"1a1c01bbd47fc00a2c39e90264f33305004495a9","hash":"ada5d38667854dfe65245049baf1abad5acc025d"}
,"D:\\Fase02\\individual-project\\IP-HCK88-fawwazer\\backend\\controllers\\userController.js": {"path":"D:\\Fase02\\individual-project\\IP-HCK88-fawwazer\\backend\\controllers\\userController.js","statementMap":{"0":{"start":{"line":1,"column":29},"end":{"line":1,"column":57}},"1":{"start":{"line":2,"column":26},"end":{"line":2,"column":51}},"2":{"start":{"line":3,"column":17},"end":{"line":3,"column":37}},"3":{"start":{"line":4,"column":25},"end":{"line":4,"column":55}},"4":{"start":{"line":7,"column":15},"end":{"line":9,"column":1}},"5":{"start":{"line":12,"column":4},"end":{"line":22,"column":5}},"6":{"start":{"line":13,"column":19},"end":{"line":18,"column":8}},"7":{"start":{"line":19,"column":6},"end":{"line":19,"column":63}},"8":{"start":{"line":21,"column":6},"end":{"line":21,"column":18}},"9":{"start":{"line":26,"column":4},"end":{"line":45,"column":5}},"10":{"start":{"line":27,"column":34},"end":{"line":27,"column":42}},"11":{"start":{"line":28,"column":6},"end":{"line":32,"column":7}},"12":{"start":{"line":29,"column":8},"end":{"line":31,"column":62}},"13":{"start":{"line":33,"column":19},"end":{"line":33,"column":59}},"14":{"start":{"line":34,"column":6},"end":{"line":36,"column":7}},"15":{"start":{"line":35,"column":8},"end":{"line":35,"column":76}},"16":{"start":{"line":37,"column":30},"end":{"line":37,"column":71}},"17":{"start":{"line":38,"column":6},"end":{"line":40,"column":7}},"18":{"start":{"line":39,"column":8},"end":{"line":39,"column":76}},"19":{"start":{"line":41,"column":20},"end":{"line":41,"column":50}},"20":{"start":{"line":42,"column":6},"end":{"line":42,"column":38}},"21":{"start":{"line":44,"column":6},"end":{"line":44,"column":18}},"22":{"start":{"line":49,"column":4},"end":{"line":76,"column":5}},"23":{"start":{"line":50,"column":27},"end":{"line":50,"column":35}},"24":{"start":{"line":51,"column":6},"end":{"line":53,"column":7}},"25":{"start":{"line":52,"column":8},"end":{"line":52,"column":71}},"26":{"start":{"line":54,"column":21},"end":{"line":57,"column":8}},"27":{"start":{"line":58,"column":30},"end":{"line":58,"column":49}},"28":{"start":{"line":59,"column":17},"end":{"line":59,"column":57}},"29":{"start":{"line":60,"column":6},"end":{"line":67,"column":7}},"30":{"start":{"line":61,"column":8},"end":{"line":66,"column":11}},"31":{"start":{"line":68,"column":20},"end":{"line":68,"column":50}},"32":{"start":{"line":69,"column":6},"end":{"line":69,"column":38}},"33":{"start":{"line":71,"column":6},"end":{"line":74,"column":8}},"34":{"start":{"line":75,"column":6},"end":{"line":75,"column":18}},"35":{"start":{"line":79,"column":0},"end":{"line":79,"column":32}}},"fnMap":{"0":{"name":"(anonymous_0)","decl":{"start":{"line":11,"column":2},"end":{"line":11,"column":3}},"loc":{"start":{"line":11,"column":40},"end":{"line":23,"column":3}},"line":11},"1":{"name":"(anonymous_1)","decl":{"start":{"line":25,"column":2},"end":{"line":25,"column":3}},"loc":{"start":{"line":25,"column":37},"end":{"line":46,"column":3}},"line":25},"2":{"name":"(anonymous_2)","decl":{"start":{"line":48,"column":2},"end":{"line":48,"column":3}},"loc":{"start":{"line":48,"column":43},"end":{"line":77,"column":3}},"line":48}},"branchMap":{"0":{"loc":{"start":{"line":8,"column":2},"end":{"line":8,"column":65}},"type":"binary-expr","locations":[{"start":{"line":8,"column":2},"end":{"line":8,"column":28}},{"start":{"line":8,"column":32},"end":{"line":8,"column":65}}],"line":8},"1":{"loc":{"start":{"line":28,"column":6},"end":{"line":32,"column":7}},"type":"if","locations":[{"start":{"line":28,"column":6},"end":{"line":32,"column":7}},{"start":{},"end":{}}],"line":28},"2":{"loc":{"start":{"line":28,"column":10},"end":{"line":28,"column":29}},"type":"binary-expr","locations":[{"start":{"line":28,"column":10},"end":{"line":28,"column":16}},{"start":{"line":28,"column":20},"end":{"line":28,"column":29}}],"line":28},"3":{"loc":{"start":{"line":34,"column":6},"end":{"line":36,"column":7}},"type":"if","locations":[{"start":{"line":34,"column":6},"end":{"line":36,"column":7}},{"start":{},"end":{}}],"line":34},"4":{"loc":{"start":{"line":38,"column":6},"end":{"line":40,"column":7}},"type":"if","locations":[{"start":{"line":38,"column":6},"end":{"line":40,"column":7}},{"start":{},"end":{}}],"line":38},"5":{"loc":{"start":{"line":51,"column":6},"end":{"line":53,"column":7}},"type":"if","locations":[{"start":{"line":51,"column":6},"end":{"line":53,"column":7}},{"start":{},"end":{}}],"line":51},"6":{"loc":{"start":{"line":60,"column":6},"end":{"line":67,"column":7}},"type":"if","locations":[{"start":{"line":60,"column":6},"end":{"line":67,"column":7}},{"start":{},"end":{}}],"line":60},"7":{"loc":{"start":{"line":73,"column":8},"end":{"line":73,"column":54}},"type":"cond-expr","locations":[{"start":{"line":73,"column":33},"end":{"line":73,"column":46}},{"start":{"line":73,"column":49},"end":{"line":73,"column":54}}],"line":73},"8":{"loc":{"start":{"line":73,"column":8},"end":{"line":73,"column":30}},"type":"binary-expr","locations":[{"start":{"line":73,"column":8},"end":{"line":73,"column":13}},{"start":{"line":73,"column":17},"end":{"line":73,"column":30}}],"line":73}},"s":{"0":2,"1":2,"2":2,"3":2,"4":2,"5":5,"6":5,"7":1,"8":4,"9":5,"10":5,"11":5,"12":2,"13":3,"14":3,"15":1,"16":2,"17":2,"18":1,"19":1,"20":1,"21":0,"22":2,"23":2,"24":2,"25":1,"26":1,"27":1,"28":0,"29":0,"30":0,"31":0,"32":0,"33":1,"34":1,"35":2},"f":{"0":5,"1":5,"2":2},"b":{"0":[2,0],"1":[2,3],"2":[5,4],"3":[1,2],"4":[1,1],"5":[1,1],"6":[0,0],"7":[1,0],"8":[1,1]},"_coverageSchema":"1a1c01bbd47fc00a2c39e90264f33305004495a9","hash":"eda4db61d35b05f08438a5402aceec456887ff4b"}
,"D:\\Fase02\\individual-project\\IP-HCK88-fawwazer\\backend\\helpers\\bcrypt.js": {"path":"D:\\Fase02\\individual-project\\IP-HCK88-fawwazer\\backend\\helpers\\bcrypt.js","statementMap":{"0":{"start":{"line":1,"column":15},"end":{"line":1,"column":34}},"1":{"start":{"line":2,"column":20},"end":{"line":2,"column":22}},"2":{"start":{"line":4,"column":21},"end":{"line":7,"column":1}},"3":{"start":{"line":5,"column":15},"end":{"line":5,"column":48}},"4":{"start":{"line":6,"column":2},"end":{"line":6,"column":43}},"5":{"start":{"line":9,"column":25},"end":{"line":11,"column":1}},"6":{"start":{"line":10,"column":2},"end":{"line":10,"column":46}},"7":{"start":{"line":13,"column":0},"end":{"line":16,"column":2}}},"fnMap":{"0":{"name":"(anonymous_0)","decl":{"start":{"line":4,"column":21},"end":{"line":4,"column":22}},"loc":{"start":{"line":4,"column":41},"end":{"line":7,"column":1}},"line":4},"1":{"name":"(anonymous_1)","decl":{"start":{"line":9,"column":25},"end":{"line":9,"column":26}},"loc":{"start":{"line":9,"column":51},"end":{"line":11,"column":1}},"line":9}},"branchMap":{},"s":{"0":2,"1":2,"2":2,"3":5,"4":5,"5":2,"6":4,"7":2},"f":{"0":5,"1":4},"b":{},"_coverageSchema":"1a1c01bbd47fc00a2c39e90264f33305004495a9","hash":"6d7dbdab2fc0c3d4f716c58dae1c42a8cf9becf6"}
,"D:\\Fase02\\individual-project\\IP-HCK88-fawwazer\\backend\\helpers\\jwt.js": {"path":"D:\\Fase02\\individual-project\\IP-HCK88-fawwazer\\backend\\helpers\\jwt.js","statementMap":{"0":{"start":{"line":1,"column":12},"end":{"line":1,"column":35}},"1":{"start":{"line":3,"column":22},"end":{"line":5,"column":1}},"2":{"start":{"line":4,"column":2},"end":{"line":4,"column":72}},"3":{"start":{"line":7,"column":20},"end":{"line":13,"column":1}},"4":{"start":{"line":8,"column":2},"end":{"line":12,"column":3}},"5":{"start":{"line":9,"column":4},"end":{"line":9,"column":53}},"6":{"start":{"line":11,"column":4},"end":{"line":11,"column":16}},"7":{"start":{"line":14,"column":0},"end":{"line":17,"column":2}}},"fnMap":{"0":{"name":"(anonymous_0)","decl":{"start":{"line":3,"column":22},"end":{"line":3,"column":23}},"loc":{"start":{"line":3,"column":35},"end":{"line":5,"column":1}},"line":3},"1":{"name":"(anonymous_1)","decl":{"start":{"line":7,"column":20},"end":{"line":7,"column":21}},"loc":{"start":{"line":7,"column":31},"end":{"line":13,"column":1}},"line":7}},"branchMap":{},"s":{"0":3,"1":3,"2":10,"3":3,"4":14,"5":14,"6":7,"7":3},"f":{"0":10,"1":14},"b":{},"_coverageSchema":"1a1c01bbd47fc00a2c39e90264f33305004495a9","hash":"8434c1dde6ba576e82e326adf40f274ee06e2493"}
,"D:\\Fase02\\individual-project\\IP-HCK88-fawwazer\\backend\\middleware\\auth.js": {"path":"D:\\Fase02\\individual-project\\IP-HCK88-fawwazer\\backend\\middleware\\auth.js","statementMap":{"0":{"start":{"line":1,"column":24},"end":{"line":1,"column":49}},"1":{"start":{"line":2,"column":17},"end":{"line":2,"column":37}},"2":{"start":{"line":4,"column":0},"end":{"line":29,"column":2}},"3":{"start":{"line":5,"column":2},"end":{"line":28,"column":3}},"4":{"start":{"line":6,"column":24},"end":{"line":6,"column":49}},"5":{"start":{"line":7,"column":4},"end":{"line":10,"column":5}},"6":{"start":{"line":9,"column":6},"end":{"line":9,"column":75}},"7":{"start":{"line":12,"column":25},"end":{"line":12,"column":50}},"8":{"start":{"line":13,"column":17},"end":{"line":13,"column":42}},"9":{"start":{"line":15,"column":4},"end":{"line":17,"column":5}},"10":{"start":{"line":16,"column":6},"end":{"line":16,"column":75}},"11":{"start":{"line":19,"column":17},"end":{"line":19,"column":45}},"12":{"start":{"line":20,"column":4},"end":{"line":22,"column":5}},"13":{"start":{"line":21,"column":6},"end":{"line":21,"column":75}},"14":{"start":{"line":24,"column":4},"end":{"line":24,"column":20}},"15":{"start":{"line":25,"column":4},"end":{"line":25,"column":11}},"16":{"start":{"line":27,"column":4},"end":{"line":27,"column":16}}},"fnMap":{"0":{"name":"authentication","decl":{"start":{"line":4,"column":32},"end":{"line":4,"column":46}},"loc":{"start":{"line":4,"column":63},"end":{"line":29,"column":1}},"line":4}},"branchMap":{"0":{"loc":{"start":{"line":7,"column":4},"end":{"line":10,"column":5}},"type":"if","locations":[{"start":{"line":7,"column":4},"end":{"line":10,"column":5}},{"start":{},"end":{}}],"line":7},"1":{"loc":{"start":{"line":15,"column":4},"end":{"line":17,"column":5}},"type":"if","locations":[{"start":{"line":15,"column":4},"end":{"line":17,"column":5}},{"start":{},"end":{}}],"line":15},"2":{"loc":{"start":{"line":15,"column":8},"end":{"line":15,"column":25}},"type":"binary-expr","locations":[{"start":{"line":15,"column":8},"end":{"line":15,"column":13}},{"start":{"line":15,"column":17},"end":{"line":15,"column":25}}],"line":15},"3":{"loc":{"start":{"line":20,"column":4},"end":{"line":22,"column":5}},"type":"if","locations":[{"start":{"line":20,"column":4},"end":{"line":22,"column":5}},{"start":{},"end":{}}],"line":20}},"s":{"0":1,"1":1,"2":1,"3":9,"4":9,"5":9,"6":1,"7":8,"8":8,"9":8,"10":5,"11":3,"12":3,"13":1,"14":2,"15":2,"16":0},"f":{"0":9},"b":{"0":[1,8],"1":[5,3],"2":[8,3],"3":[1,2]},"_coverageSchema":"1a1c01bbd47fc00a2c39e90264f33305004495a9","hash":"7e92d9ef23aa417ebb178231cf36aa1e877538ba"}
,"D:\\Fase02\\individual-project\\IP-HCK88-fawwazer\\backend\\middleware\\error-handler.js": {"path":"D:\\Fase02\\individual-project\\IP-HCK88-fawwazer\\backend\\middleware\\error-handler.js","statementMap":{"0":{"start":{"line":1,"column":0},"end":{"line":22,"column":2}},"1":{"start":{"line":2,"column":2},"end":{"line":2,"column":39}},"2":{"start":{"line":3,"column":2},"end":{"line":21,"column":3}},"3":{"start":{"line":7,"column":4},"end":{"line":7,"column":63}},"4":{"start":{"line":8,"column":9},"end":{"line":21,"column":3}},"5":{"start":{"line":9,"column":4},"end":{"line":9,"column":53}},"6":{"start":{"line":10,"column":9},"end":{"line":21,"column":3}},"7":{"start":{"line":14,"column":4},"end":{"line":14,"column":53}},"8":{"start":{"line":15,"column":9},"end":{"line":21,"column":3}},"9":{"start":{"line":16,"column":4},"end":{"line":16,"column":53}},"10":{"start":{"line":17,"column":9},"end":{"line":21,"column":3}},"11":{"start":{"line":18,"column":4},"end":{"line":18,"column":53}},"12":{"start":{"line":20,"column":4},"end":{"line":20,"column":63}}},"fnMap":{"0":{"name":"errorHandler","decl":{"start":{"line":1,"column":26},"end":{"line":1,"column":38}},"loc":{"start":{"line":1,"column":62},"end":{"line":22,"column":1}},"line":1}},"branchMap":{"0":{"loc":{"start":{"line":3,"column":2},"end":{"line":21,"column":3}},"type":"if","locations":[{"start":{"line":3,"column":2},"end":{"line":21,"column":3}},{"start":{"line":8,"column":9},"end":{"line":21,"column":3}}],"line":3},"1":{"loc":{"start":{"line":4,"column":4},"end":{"line":5,"column":51}},"type":"binary-expr","locations":[{"start":{"line":4,"column":4},"end":{"line":4,"column":45}},{"start":{"line":5,"column":4},"end":{"line":5,"column":51}}],"line":4},"2":{"loc":{"start":{"line":8,"column":9},"end":{"line":21,"column":3}},"type":"if","locations":[{"start":{"line":8,"column":9},"end":{"line":21,"column":3}},{"start":{"line":10,"column":9},"end":{"line":21,"column":3}}],"line":8},"3":{"loc":{"start":{"line":10,"column":9},"end":{"line":21,"column":3}},"type":"if","locations":[{"start":{"line":10,"column":9},"end":{"line":21,"column":3}},{"start":{"line":15,"column":9},"end":{"line":21,"column":3}}],"line":10},"4":{"loc":{"start":{"line":11,"column":4},"end":{"line":12,"column":38}},"type":"binary-expr","locations":[{"start":{"line":11,"column":4},"end":{"line":11,"column":33}},{"start":{"line":12,"column":4},"end":{"line":12,"column":38}}],"line":11},"5":{"loc":{"start":{"line":15,"column":9},"end":{"line":21,"column":3}},"type":"if","locations":[{"start":{"line":15,"column":9},"end":{"line":21,"column":3}},{"start":{"line":17,"column":9},"end":{"line":21,"column":3}}],"line":15},"6":{"loc":{"start":{"line":17,"column":9},"end":{"line":21,"column":3}},"type":"if","locations":[{"start":{"line":17,"column":9},"end":{"line":21,"column":3}},{"start":{"line":19,"column":9},"end":{"line":21,"column":3}}],"line":17}},"s":{"0":2,"1":8,"2":8,"3":2,"4":6,"5":1,"6":5,"7":2,"8":3,"9":1,"10":2,"11":1,"12":1},"f":{"0":8},"b":{"0":[2,6],"1":[8,7],"2":[1,5],"3":[2,3],"4":[5,4],"5":[1,2],"6":[1,1]},"_coverageSchema":"1a1c01bbd47fc00a2c39e90264f33305004495a9","hash":"e28fde755b6653e1d26ee53f20ad1ccd2c49e5d6"}
,"D:\\Fase02\\individual-project\\IP-HCK88-fawwazer\\backend\\middleware\\guardAdmin.js": {"path":"D:\\Fase02\\individual-project\\IP-HCK88-fawwazer\\backend\\middleware\\guardAdmin.js","statementMap":{"0":{"start":{"line":1,"column":26},"end":{"line":1,"column":46}},"1":{"start":{"line":4,"column":2},"end":{"line":28,"column":3}},"2":{"start":{"line":5,"column":17},"end":{"line":5,"column":25}},"3":{"start":{"line":6,"column":4},"end":{"line":6,"column":72}},"4":{"start":{"line":6,"column":15},"end":{"line":6,"column":72}},"5":{"start":{"line":9,"column":4},"end":{"line":9,"column":45}},"6":{"start":{"line":9,"column":31},"end":{"line":9,"column":45}},"7":{"start":{"line":12,"column":25},"end":{"line":14,"column":5}},"8":{"start":{"line":15,"column":4},"end":{"line":15,"column":64}},"9":{"start":{"line":15,"column":50},"end":{"line":15,"column":64}},"10":{"start":{"line":18,"column":4},"end":{"line":23,"column":5}},"11":{"start":{"line":19,"column":18},"end":{"line":21,"column":8}},"12":{"start":{"line":22,"column":6},"end":{"line":22,"column":29}},"13":{"start":{"line":22,"column":15},"end":{"line":22,"column":29}},"14":{"start":{"line":25,"column":4},"end":{"line":25,"column":58}},"15":{"start":{"line":27,"column":4},"end":{"line":27,"column":16}},"16":{"start":{"line":31,"column":0},"end":{"line":31,"column":27}}},"fnMap":{"0":{"name":"guardUser","decl":{"start":{"line":3,"column":15},"end":{"line":3,"column":24}},"loc":{"start":{"line":3,"column":41},"end":{"line":29,"column":1}},"line":3}},"branchMap":{"0":{"loc":{"start":{"line":6,"column":4},"end":{"line":6,"column":72}},"type":"if","locations":[{"start":{"line":6,"column":4},"end":{"line":6,"column":72}},{"start":{},"end":{}}],"line":6},"1":{"loc":{"start":{"line":9,"column":4},"end":{"line":9,"column":45}},"type":"if","locations":[{"start":{"line":9,"column":4},"end":{"line":9,"column":45}},{"start":{},"end":{}}],"line":9},"2":{"loc":{"start":{"line":13,"column":6},"end":{"line":13,"column":79}},"type":"binary-expr","locations":[{"start":{"line":13,"column":6},"end":{"line":13,"column":23}},{"start":{"line":13,"column":27},"end":{"line":13,"column":44}},{"start":{"line":13,"column":48},"end":{"line":13,"column":64}},{"start":{"line":13,"column":68},"end":{"line":13,"column":79}}],"line":13},"3":{"loc":{"start":{"line":15,"column":4},"end":{"line":15,"column":64}},"type":"if","locations":[{"start":{"line":15,"column":4},"end":{"line":15,"column":64}},{"start":{},"end":{}}],"line":15},"4":{"loc":{"start":{"line":15,"column":8},"end":{"line":15,"column":48}},"type":"binary-expr","locations":[{"start":{"line":15,"column":8},"end":{"line":15,"column":20}},{"start":{"line":15,"column":24},"end":{"line":15,"column":48}}],"line":15},"5":{"loc":{"start":{"line":18,"column":4},"end":{"line":23,"column":5}},"type":"if","locations":[{"start":{"line":18,"column":4},"end":{"line":23,"column":5}},{"start":{},"end":{}}],"line":18},"6":{"loc":{"start":{"line":22,"column":6},"end":{"line":22,"column":29}},"type":"if","locations":[{"start":{"line":22,"column":6},"end":{"line":22,"column":29}},{"start":{},"end":{}}],"line":22}},"s":{"0":1,"1":6,"2":6,"3":6,"4":1,"5":5,"6":1,"7":4,"8":4,"9":3,"10":1,"11":0,"12":0,"13":0,"14":1,"15":0,"16":1},"f":{"0":6},"b":{"0":[1,5],"1":[1,4],"2":[4,2,2,2],"3":[3,1],"4":[4,4],"5":[0,1],"6":[0,0]},"_coverageSchema":"1a1c01bbd47fc00a2c39e90264f33305004495a9","hash":"289d49f5ed5c98f04087048ac75c731b52b5cb28"}
}
