TN:
SF:app.js
FN:23,(anonymous_0)
FNF:1
FNH:0
FNDA:0,(anonymous_0)
DA:2,1
DA:3,1
DA:6,1
DA:7,1
DA:8,1
DA:10,1
DA:11,1
DA:12,1
DA:13,1
DA:14,1
DA:16,1
DA:18,1
DA:19,1
DA:20,1
DA:23,1
DA:24,1
DA:25,1
DA:26,1
DA:28,1
DA:29,1
DA:30,1
DA:32,1
DA:36,1
DA:37,1
DA:38,1
DA:39,1
DA:46,1
DA:48,1
LF:28
LH:28
BRDA:2,0,0,1
BRDA:2,0,1,0
BRDA:16,1,0,1
BRDA:16,1,1,0
BRF:4
BRH:2
end_of_record
TN:
SF:controllers\gameController.js
FN:7,(anonymous_0)
FN:27,(anonymous_1)
FN:36,(anonymous_2)
FN:53,(anonymous_3)
FN:93,(anonymous_4)
FN:151,(anonymous_5)
FN:163,(anonymous_6)
FN:257,(anonymous_7)
FN:266,(anonymous_8)
FN:293,(anonymous_9)
FNF:10
FNH:10
FNDA:4,(anonymous_0)
FNDA:3,(anonymous_1)
FNDA:3,(anonymous_2)
FNDA:7,(anonymous_3)
FNDA:4,(anonymous_4)
FNDA:2,(anonymous_5)
FNDA:9,(anonymous_6)
FNDA:4,(anonymous_7)
FNDA:3,(anonymous_8)
FNDA:4,(anonymous_9)
DA:2,2
DA:3,2
DA:4,2
DA:8,4
DA:10,4
DA:11,4
DA:12,4
DA:19,3
DA:21,1
DA:23,1
DA:28,3
DA:29,3
DA:30,2
DA:32,1
DA:37,3
DA:38,3
DA:39,3
DA:40,3
DA:41,1
DA:43,2
DA:46,2
DA:48,0
DA:54,7
DA:56,7
DA:57,7
DA:58,0
DA:61,7
DA:62,7
DA:64,6
DA:65,6
DA:66,0
DA:69,6
DA:78,6
DA:81,6
DA:82,6
DA:83,2
DA:90,4
DA:94,4
DA:100,4
DA:104,4
DA:109,4
DA:110,4
DA:111,4
DA:112,4
DA:116,3
DA:121,1
DA:125,1
DA:129,3
DA:130,3
DA:131,3
DA:133,2
DA:134,2
DA:135,1
DA:136,1
DA:143,3
DA:145,1
DA:151,2
DA:156,2
DA:158,0
DA:164,9
DA:166,9
DA:168,9
DA:169,9
DA:170,2
DA:175,7
DA:176,7
DA:179,6
DA:181,6
DA:182,2
DA:183,2
DA:186,4
DA:187,4
DA:188,0
DA:192,4
DA:193,4
DA:200,1
DA:205,3
DA:206,3
DA:207,0
DA:212,3
DA:220,3
DA:221,3
DA:222,2
DA:226,1
DA:229,1
DA:234,4
DA:239,4
DA:252,0
DA:258,4
DA:260,4
DA:261,4
DA:262,3
DA:266,3
DA:286,3
DA:288,0
DA:294,4
DA:295,4
DA:298,4
DA:299,4
DA:300,3
DA:301,0
DA:304,3
DA:307,3
DA:309,2
DA:310,2
DA:314,0
DA:319,2
LF:107
LH:97
BRDA:10,0,0,4
BRDA:10,0,1,3
BRDA:11,1,0,4
BRDA:11,1,1,3
BRDA:40,2,0,1
BRDA:40,2,1,2
BRDA:56,3,0,7
BRDA:56,3,1,0
BRDA:57,4,0,0
BRDA:57,4,1,7
BRDA:62,5,0,1
BRDA:62,5,1,6
BRDA:65,6,0,0
BRDA:65,6,1,6
BRDA:78,7,0,6
BRDA:78,7,1,6
BRDA:78,7,2,0
BRDA:82,8,0,2
BRDA:82,8,1,4
BRDA:95,9,0,4
BRDA:95,9,1,3
BRDA:96,10,0,4
BRDA:96,10,1,2
BRDA:100,11,0,1
BRDA:100,11,1,3
BRDA:105,12,0,4
BRDA:105,12,1,3
BRDA:117,13,0,3
BRDA:117,13,1,0
BRDA:117,14,0,3
BRDA:117,14,1,3
BRDA:117,14,2,0
BRDA:118,15,0,3
BRDA:118,15,1,0
BRDA:123,16,0,1
BRDA:123,16,1,0
BRDA:123,17,0,1
BRDA:123,17,1,1
BRDA:133,18,0,2
BRDA:133,18,1,2
BRDA:134,19,0,1
BRDA:134,19,1,1
BRDA:143,20,0,1
BRDA:143,20,1,2
BRDA:153,21,0,2
BRDA:153,21,1,0
BRDA:154,22,0,2
BRDA:154,22,1,0
BRDA:166,23,0,9
BRDA:166,23,1,0
BRDA:168,24,0,9
BRDA:168,24,1,1
BRDA:168,24,2,8
BRDA:169,25,0,2
BRDA:169,25,1,7
BRDA:169,26,0,9
BRDA:169,26,1,8
BRDA:169,26,2,5
BRDA:176,27,0,1
BRDA:176,27,1,6
BRDA:181,28,0,2
BRDA:181,28,1,4
BRDA:183,29,0,1
BRDA:183,29,1,1
BRDA:187,30,0,0
BRDA:187,30,1,4
BRDA:205,31,0,3
BRDA:205,31,1,0
BRDA:205,32,0,3
BRDA:205,32,1,3
BRDA:206,33,0,0
BRDA:206,33,1,3
BRDA:213,34,0,3
BRDA:213,34,1,0
BRDA:214,35,0,3
BRDA:214,35,1,0
BRDA:215,36,0,3
BRDA:215,36,1,0
BRDA:215,36,2,0
BRDA:216,37,0,3
BRDA:216,37,1,0
BRDA:221,38,0,2
BRDA:221,38,1,1
BRDA:226,39,0,1
BRDA:226,39,1,0
BRDA:226,40,0,1
BRDA:226,40,1,1
BRDA:229,41,0,1
BRDA:229,41,1,0
BRDA:260,42,0,4
BRDA:260,42,1,1
BRDA:260,42,2,3
BRDA:260,42,3,1
BRDA:261,43,0,1
BRDA:261,43,1,3
BRDA:266,44,0,3
BRDA:266,44,1,0
BRDA:270,45,0,3
BRDA:270,45,1,0
BRDA:278,46,0,3
BRDA:278,46,1,2
BRDA:278,46,2,0
BRDA:278,46,3,0
BRDA:298,47,0,4
BRDA:298,47,1,1
BRDA:298,47,2,3
BRDA:298,47,3,3
BRDA:299,48,0,1
BRDA:299,48,1,3
BRDA:300,49,0,0
BRDA:300,49,1,3
BRDA:307,50,0,1
BRDA:307,50,1,2
BRF:113
BRH:87
end_of_record
TN:
SF:controllers\userController.js
FN:11,(anonymous_0)
FN:25,(anonymous_1)
FN:48,(anonymous_2)
FNF:3
FNH:3
FNDA:5,(anonymous_0)
FNDA:5,(anonymous_1)
FNDA:2,(anonymous_2)
DA:1,2
DA:2,2
DA:3,2
DA:4,2
DA:7,2
DA:12,5
DA:13,5
DA:19,1
DA:21,4
DA:26,5
DA:27,5
DA:28,5
DA:29,2
DA:33,3
DA:34,3
DA:35,1
DA:37,2
DA:38,2
DA:39,1
DA:41,1
DA:42,1
DA:44,0
DA:49,2
DA:50,2
DA:51,2
DA:52,1
DA:54,1
DA:58,1
DA:59,0
DA:60,0
DA:61,0
DA:68,0
DA:69,0
DA:71,1
DA:75,1
DA:79,2
LF:36
LH:30
BRDA:8,0,0,2
BRDA:8,0,1,0
BRDA:28,1,0,2
BRDA:28,1,1,3
BRDA:28,2,0,5
BRDA:28,2,1,4
BRDA:34,3,0,1
BRDA:34,3,1,2
BRDA:38,4,0,1
BRDA:38,4,1,1
BRDA:51,5,0,1
BRDA:51,5,1,1
BRDA:60,6,0,0
BRDA:60,6,1,0
BRDA:73,7,0,1
BRDA:73,7,1,0
BRDA:73,8,0,1
BRDA:73,8,1,1
BRF:18
BRH:14
end_of_record
TN:
SF:helpers\bcrypt.js
FN:4,(anonymous_0)
FN:9,(anonymous_1)
FNF:2
FNH:2
FNDA:5,(anonymous_0)
FNDA:4,(anonymous_1)
DA:1,2
DA:2,2
DA:4,2
DA:5,5
DA:6,5
DA:9,2
DA:10,4
DA:13,2
LF:8
LH:8
BRF:0
BRH:0
end_of_record
TN:
SF:helpers\jwt.js
FN:3,(anonymous_0)
FN:7,(anonymous_1)
FNF:2
FNH:2
FNDA:10,(anonymous_0)
FNDA:14,(anonymous_1)
DA:1,3
DA:3,3
DA:4,10
DA:7,3
DA:8,14
DA:9,14
DA:11,7
DA:14,3
LF:8
LH:8
BRF:0
BRH:0
end_of_record
TN:
SF:middleware\auth.js
FN:4,authentication
FNF:1
FNH:1
FNDA:9,authentication
DA:1,1
DA:2,1
DA:4,1
DA:5,9
DA:6,9
DA:7,9
DA:9,1
DA:12,8
DA:13,8
DA:15,8
DA:16,5
DA:19,3
DA:20,3
DA:21,1
DA:24,2
DA:25,2
DA:27,0
LF:17
LH:16
BRDA:7,0,0,1
BRDA:7,0,1,8
BRDA:15,1,0,5
BRDA:15,1,1,3
BRDA:15,2,0,8
BRDA:15,2,1,3
BRDA:20,3,0,1
BRDA:20,3,1,2
BRF:8
BRH:8
end_of_record
TN:
SF:middleware\error-handler.js
FN:1,errorHandler
FNF:1
FNH:1
FNDA:8,errorHandler
DA:1,2
DA:2,8
DA:3,8
DA:7,2
DA:8,6
DA:9,1
DA:10,5
DA:14,2
DA:15,3
DA:16,1
DA:17,2
DA:18,1
DA:20,1
LF:13
LH:13
BRDA:3,0,0,2
BRDA:3,0,1,6
BRDA:4,1,0,8
BRDA:4,1,1,7
BRDA:8,2,0,1
BRDA:8,2,1,5
BRDA:10,3,0,2
BRDA:10,3,1,3
BRDA:11,4,0,5
BRDA:11,4,1,4
BRDA:15,5,0,1
BRDA:15,5,1,2
BRDA:17,6,0,1
BRDA:17,6,1,1
BRF:14
BRH:14
end_of_record
TN:
SF:middleware\guardAdmin.js
FN:3,guardUser
FNF:1
FNH:1
FNDA:6,guardUser
DA:1,1
DA:4,6
DA:5,6
DA:6,6
DA:9,5
DA:12,4
DA:15,4
DA:18,1
DA:19,0
DA:22,0
DA:25,1
DA:27,0
DA:31,1
LF:13
LH:10
BRDA:6,0,0,1
BRDA:6,0,1,5
BRDA:9,1,0,1
BRDA:9,1,1,4
BRDA:13,2,0,4
BRDA:13,2,1,2
BRDA:13,2,2,2
BRDA:13,2,3,2
BRDA:15,3,0,3
BRDA:15,3,1,1
BRDA:15,4,0,4
BRDA:15,4,1,4
BRDA:18,5,0,0
BRDA:18,5,1,1
BRDA:22,6,0,0
BRDA:22,6,1,0
BRF:16
BRH:13
end_of_record
